{
  "C:\\Users\\siahq_8ml8ib6\\OneDrive\\TP Year 2 Sem 2\\devops 2\\DevOps-G2-HuiQi\\public\\js\\script_Neston.js": {
    "path": "C:\\Users\\siahq_8ml8ib6\\OneDrive\\TP Year 2 Sem 2\\devops 2\\DevOps-G2-HuiQi\\public\\js\\script_Neston.js",
    "statementMap": {
      "0": {
        "start": {
          "line": 3,
          "column": 4
        },
        "end": {
          "line": 3,
          "column": 68
        }
      },
      "1": {
        "start": {
          "line": 4,
          "column": 4
        },
        "end": {
          "line": 4,
          "column": 24
        }
      },
      "2": {
        "start": {
          "line": 9,
          "column": 4
        },
        "end": {
          "line": 9,
          "column": 68
        }
      },
      "3": {
        "start": {
          "line": 14,
          "column": 4
        },
        "end": {
          "line": 37,
          "column": 71
        }
      },
      "4": {
        "start": {
          "line": 15,
          "column": 26
        },
        "end": {
          "line": 15,
          "column": 41
        }
      },
      "5": {
        "start": {
          "line": 17,
          "column": 30
        },
        "end": {
          "line": 17,
          "column": 66
        }
      },
      "6": {
        "start": {
          "line": 18,
          "column": 12
        },
        "end": {
          "line": 18,
          "column": 37
        }
      },
      "7": {
        "start": {
          "line": 20,
          "column": 12
        },
        "end": {
          "line": 35,
          "column": 15
        }
      },
      "8": {
        "start": {
          "line": 21,
          "column": 33
        },
        "end": {
          "line": 21,
          "column": 62
        }
      },
      "9": {
        "start": {
          "line": 22,
          "column": 16
        },
        "end": {
          "line": 22,
          "column": 53
        }
      },
      "10": {
        "start": {
          "line": 24,
          "column": 34
        },
        "end": {
          "line": 24,
          "column": 64
        }
      },
      "11": {
        "start": {
          "line": 25,
          "column": 16
        },
        "end": {
          "line": 25,
          "column": 51
        }
      },
      "12": {
        "start": {
          "line": 27,
          "column": 35
        },
        "end": {
          "line": 27,
          "column": 64
        }
      },
      "13": {
        "start": {
          "line": 28,
          "column": 16
        },
        "end": {
          "line": 28,
          "column": 66
        }
      },
      "14": {
        "start": {
          "line": 29,
          "column": 16
        },
        "end": {
          "line": 29,
          "column": 42
        }
      },
      "15": {
        "start": {
          "line": 30,
          "column": 16
        },
        "end": {
          "line": 30,
          "column": 84
        }
      },
      "16": {
        "start": {
          "line": 30,
          "column": 43
        },
        "end": {
          "line": 30,
          "column": 83
        }
      },
      "17": {
        "start": {
          "line": 32,
          "column": 16
        },
        "end": {
          "line": 32,
          "column": 48
        }
      },
      "18": {
        "start": {
          "line": 33,
          "column": 16
        },
        "end": {
          "line": 33,
          "column": 49
        }
      },
      "19": {
        "start": {
          "line": 34,
          "column": 16
        },
        "end": {
          "line": 34,
          "column": 48
        }
      },
      "20": {
        "start": {
          "line": 37,
          "column": 24
        },
        "end": {
          "line": 37,
          "column": 69
        }
      },
      "21": {
        "start": {
          "line": 42,
          "column": 4
        },
        "end": {
          "line": 44,
          "column": 5
        }
      },
      "22": {
        "start": {
          "line": 43,
          "column": 8
        },
        "end": {
          "line": 43,
          "column": 29
        }
      },
      "23": {
        "start": {
          "line": 49,
          "column": 4
        },
        "end": {
          "line": 60,
          "column": 71
        }
      },
      "24": {
        "start": {
          "line": 50,
          "column": 26
        },
        "end": {
          "line": 50,
          "column": 41
        }
      },
      "25": {
        "start": {
          "line": 52,
          "column": 12
        },
        "end": {
          "line": 58,
          "column": 13
        }
      },
      "26": {
        "start": {
          "line": 53,
          "column": 16
        },
        "end": {
          "line": 53,
          "column": 36
        }
      },
      "27": {
        "start": {
          "line": 54,
          "column": 16
        },
        "end": {
          "line": 54,
          "column": 36
        }
      },
      "28": {
        "start": {
          "line": 55,
          "column": 16
        },
        "end": {
          "line": 55,
          "column": 32
        }
      },
      "29": {
        "start": {
          "line": 57,
          "column": 16
        },
        "end": {
          "line": 57,
          "column": 36
        }
      },
      "30": {
        "start": {
          "line": 60,
          "column": 24
        },
        "end": {
          "line": 60,
          "column": 69
        }
      },
      "31": {
        "start": {
          "line": 66,
          "column": 22
        },
        "end": {
          "line": 66,
          "column": 72
        }
      },
      "32": {
        "start": {
          "line": 67,
          "column": 4
        },
        "end": {
          "line": 70,
          "column": 5
        }
      },
      "33": {
        "start": {
          "line": 68,
          "column": 8
        },
        "end": {
          "line": 68,
          "column": 45
        }
      },
      "34": {
        "start": {
          "line": 69,
          "column": 8
        },
        "end": {
          "line": 69,
          "column": 15
        }
      },
      "35": {
        "start": {
          "line": 73,
          "column": 4
        },
        "end": {
          "line": 91,
          "column": 11
        }
      },
      "36": {
        "start": {
          "line": 78,
          "column": 26
        },
        "end": {
          "line": 78,
          "column": 41
        }
      },
      "37": {
        "start": {
          "line": 80,
          "column": 12
        },
        "end": {
          "line": 86,
          "column": 13
        }
      },
      "38": {
        "start": {
          "line": 81,
          "column": 16
        },
        "end": {
          "line": 81,
          "column": 36
        }
      },
      "39": {
        "start": {
          "line": 82,
          "column": 16
        },
        "end": {
          "line": 82,
          "column": 32
        }
      },
      "40": {
        "start": {
          "line": 83,
          "column": 16
        },
        "end": {
          "line": 83,
          "column": 65
        }
      },
      "41": {
        "start": {
          "line": 85,
          "column": 16
        },
        "end": {
          "line": 85,
          "column": 61
        }
      },
      "42": {
        "start": {
          "line": 89,
          "column": 12
        },
        "end": {
          "line": 89,
          "column": 56
        }
      },
      "43": {
        "start": {
          "line": 90,
          "column": 12
        },
        "end": {
          "line": 90,
          "column": 94
        }
      }
    },
    "fnMap": {
      "0": {
        "name": "showAddGenreForm",
        "decl": {
          "start": {
            "line": 2,
            "column": 9
          },
          "end": {
            "line": 2,
            "column": 25
          }
        },
        "loc": {
          "start": {
            "line": 2,
            "column": 28
          },
          "end": {
            "line": 5,
            "column": 1
          }
        },
        "line": 2
      },
      "1": {
        "name": "closeModal",
        "decl": {
          "start": {
            "line": 8,
            "column": 9
          },
          "end": {
            "line": 8,
            "column": 19
          }
        },
        "loc": {
          "start": {
            "line": 8,
            "column": 22
          },
          "end": {
            "line": 10,
            "column": 1
          }
        },
        "line": 8
      },
      "2": {
        "name": "loadGenres_neston",
        "decl": {
          "start": {
            "line": 13,
            "column": 9
          },
          "end": {
            "line": 13,
            "column": 26
          }
        },
        "loc": {
          "start": {
            "line": 13,
            "column": 29
          },
          "end": {
            "line": 38,
            "column": 1
          }
        },
        "line": 13
      },
      "3": {
        "name": "(anonymous_3)",
        "decl": {
          "start": {
            "line": 15,
            "column": 14
          },
          "end": {
            "line": 15,
            "column": 15
          }
        },
        "loc": {
          "start": {
            "line": 15,
            "column": 26
          },
          "end": {
            "line": 15,
            "column": 41
          }
        },
        "line": 15
      },
      "4": {
        "name": "(anonymous_4)",
        "decl": {
          "start": {
            "line": 16,
            "column": 14
          },
          "end": {
            "line": 16,
            "column": 15
          }
        },
        "loc": {
          "start": {
            "line": 16,
            "column": 22
          },
          "end": {
            "line": 36,
            "column": 9
          }
        },
        "line": 16
      },
      "5": {
        "name": "(anonymous_5)",
        "decl": {
          "start": {
            "line": 20,
            "column": 25
          },
          "end": {
            "line": 20,
            "column": 26
          }
        },
        "loc": {
          "start": {
            "line": 20,
            "column": 34
          },
          "end": {
            "line": 35,
            "column": 13
          }
        },
        "line": 20
      },
      "6": {
        "name": "(anonymous_6)",
        "decl": {
          "start": {
            "line": 30,
            "column": 37
          },
          "end": {
            "line": 30,
            "column": 38
          }
        },
        "loc": {
          "start": {
            "line": 30,
            "column": 43
          },
          "end": {
            "line": 30,
            "column": 83
          }
        },
        "line": 30
      },
      "7": {
        "name": "(anonymous_7)",
        "decl": {
          "start": {
            "line": 37,
            "column": 15
          },
          "end": {
            "line": 37,
            "column": 16
          }
        },
        "loc": {
          "start": {
            "line": 37,
            "column": 24
          },
          "end": {
            "line": 37,
            "column": 69
          }
        },
        "line": 37
      },
      "8": {
        "name": "confirmDeleteGenre",
        "decl": {
          "start": {
            "line": 41,
            "column": 9
          },
          "end": {
            "line": 41,
            "column": 27
          }
        },
        "loc": {
          "start": {
            "line": 41,
            "column": 48
          },
          "end": {
            "line": 45,
            "column": 1
          }
        },
        "line": 41
      },
      "9": {
        "name": "deleteGenre",
        "decl": {
          "start": {
            "line": 48,
            "column": 9
          },
          "end": {
            "line": 48,
            "column": 20
          }
        },
        "loc": {
          "start": {
            "line": 48,
            "column": 30
          },
          "end": {
            "line": 61,
            "column": 1
          }
        },
        "line": 48
      },
      "10": {
        "name": "(anonymous_10)",
        "decl": {
          "start": {
            "line": 50,
            "column": 14
          },
          "end": {
            "line": 50,
            "column": 15
          }
        },
        "loc": {
          "start": {
            "line": 50,
            "column": 26
          },
          "end": {
            "line": 50,
            "column": 41
          }
        },
        "line": 50
      },
      "11": {
        "name": "(anonymous_11)",
        "decl": {
          "start": {
            "line": 51,
            "column": 14
          },
          "end": {
            "line": 51,
            "column": 15
          }
        },
        "loc": {
          "start": {
            "line": 51,
            "column": 22
          },
          "end": {
            "line": 59,
            "column": 9
          }
        },
        "line": 51
      },
      "12": {
        "name": "(anonymous_12)",
        "decl": {
          "start": {
            "line": 60,
            "column": 15
          },
          "end": {
            "line": 60,
            "column": 16
          }
        },
        "loc": {
          "start": {
            "line": 60,
            "column": 24
          },
          "end": {
            "line": 60,
            "column": 69
          }
        },
        "line": 60
      },
      "13": {
        "name": "addGenre",
        "decl": {
          "start": {
            "line": 65,
            "column": 9
          },
          "end": {
            "line": 65,
            "column": 17
          }
        },
        "loc": {
          "start": {
            "line": 65,
            "column": 20
          },
          "end": {
            "line": 92,
            "column": 1
          }
        },
        "line": 65
      },
      "14": {
        "name": "(anonymous_14)",
        "decl": {
          "start": {
            "line": 78,
            "column": 14
          },
          "end": {
            "line": 78,
            "column": 15
          }
        },
        "loc": {
          "start": {
            "line": 78,
            "column": 26
          },
          "end": {
            "line": 78,
            "column": 41
          }
        },
        "line": 78
      },
      "15": {
        "name": "(anonymous_15)",
        "decl": {
          "start": {
            "line": 79,
            "column": 14
          },
          "end": {
            "line": 79,
            "column": 15
          }
        },
        "loc": {
          "start": {
            "line": 79,
            "column": 21
          },
          "end": {
            "line": 87,
            "column": 9
          }
        },
        "line": 79
      },
      "16": {
        "name": "(anonymous_16)",
        "decl": {
          "start": {
            "line": 88,
            "column": 15
          },
          "end": {
            "line": 88,
            "column": 16
          }
        },
        "loc": {
          "start": {
            "line": 88,
            "column": 24
          },
          "end": {
            "line": 91,
            "column": 9
          }
        },
        "line": 88
      }
    },
    "branchMap": {
      "0": {
        "loc": {
          "start": {
            "line": 42,
            "column": 4
          },
          "end": {
            "line": 44,
            "column": 5
          }
        },
        "type": "if",
        "locations": [
          {
            "start": {
              "line": 42,
              "column": 4
            },
            "end": {
              "line": 44,
              "column": 5
            }
          },
          {
            "start": {},
            "end": {}
          }
        ],
        "line": 42
      },
      "1": {
        "loc": {
          "start": {
            "line": 52,
            "column": 12
          },
          "end": {
            "line": 58,
            "column": 13
          }
        },
        "type": "if",
        "locations": [
          {
            "start": {
              "line": 52,
              "column": 12
            },
            "end": {
              "line": 58,
              "column": 13
            }
          },
          {
            "start": {
              "line": 56,
              "column": 19
            },
            "end": {
              "line": 58,
              "column": 13
            }
          }
        ],
        "line": 52
      },
      "2": {
        "loc": {
          "start": {
            "line": 67,
            "column": 4
          },
          "end": {
            "line": 70,
            "column": 5
          }
        },
        "type": "if",
        "locations": [
          {
            "start": {
              "line": 67,
              "column": 4
            },
            "end": {
              "line": 70,
              "column": 5
            }
          },
          {
            "start": {},
            "end": {}
          }
        ],
        "line": 67
      },
      "3": {
        "loc": {
          "start": {
            "line": 80,
            "column": 12
          },
          "end": {
            "line": 86,
            "column": 13
          }
        },
        "type": "if",
        "locations": [
          {
            "start": {
              "line": 80,
              "column": 12
            },
            "end": {
              "line": 86,
              "column": 13
            }
          },
          {
            "start": {
              "line": 84,
              "column": 19
            },
            "end": {
              "line": 86,
              "column": 13
            }
          }
        ],
        "line": 80
      }
    },
    "s": {
      "0": 0,
      "1": 0,
      "2": 0,
      "3": 0,
      "4": 0,
      "5": 0,
      "6": 0,
      "7": 0,
      "8": 0,
      "9": 0,
      "10": 0,
      "11": 0,
      "12": 0,
      "13": 0,
      "14": 0,
      "15": 0,
      "16": 0,
      "17": 0,
      "18": 0,
      "19": 0,
      "20": 0,
      "21": 0,
      "22": 0,
      "23": 0,
      "24": 0,
      "25": 0,
      "26": 0,
      "27": 0,
      "28": 0,
      "29": 0,
      "30": 0,
      "31": 0,
      "32": 0,
      "33": 0,
      "34": 0,
      "35": 0,
      "36": 0,
      "37": 0,
      "38": 0,
      "39": 0,
      "40": 0,
      "41": 0,
      "42": 0,
      "43": 0
    },
    "f": {
      "0": 0,
      "1": 0,
      "2": 0,
      "3": 0,
      "4": 0,
      "5": 0,
      "6": 0,
      "7": 0,
      "8": 0,
      "9": 0,
      "10": 0,
      "11": 0,
      "12": 0,
      "13": 0,
      "14": 0,
      "15": 0,
      "16": 0
    },
    "b": {
      "0": [
        0,
        0
      ],
      "1": [
        0,
        0
      ],
      "2": [
        0,
        0
      ],
      "3": [
        0,
        0
      ]
    },
    "_coverageSchema": "1a1c01bbd47fc00a2c39e90264f33305004495a9",
    "hash": "9b38ac65f032d01a5cc718c8093f90239aaa9d2e"
  },
  "C:\\Users\\siahq_8ml8ib6\\OneDrive\\TP Year 2 Sem 2\\devops 2\\DevOps-G2-HuiQi\\public\\js\\script_jasper.js": {
    "path": "C:\\Users\\siahq_8ml8ib6\\OneDrive\\TP Year 2 Sem 2\\devops 2\\DevOps-G2-HuiQi\\public\\js\\script_jasper.js",
    "statementMap": {
      "0": {
        "start": {
          "line": 3,
          "column": 18
        },
        "end": {
          "line": 3,
          "column": 38
        }
      },
      "1": {
        "start": {
          "line": 4,
          "column": 4
        },
        "end": {
          "line": 4,
          "column": 45
        }
      },
      "2": {
        "start": {
          "line": 5,
          "column": 4
        },
        "end": {
          "line": 5,
          "column": 65
        }
      },
      "3": {
        "start": {
          "line": 7,
          "column": 4
        },
        "end": {
          "line": 27,
          "column": 6
        }
      },
      "4": {
        "start": {
          "line": 8,
          "column": 8
        },
        "end": {
          "line": 26,
          "column": 9
        }
      },
      "5": {
        "start": {
          "line": 9,
          "column": 27
        },
        "end": {
          "line": 9,
          "column": 59
        }
      },
      "6": {
        "start": {
          "line": 10,
          "column": 23
        },
        "end": {
          "line": 10,
          "column": 25
        }
      },
      "7": {
        "start": {
          "line": 12,
          "column": 12
        },
        "end": {
          "line": 19,
          "column": 13
        }
      },
      "8": {
        "start": {
          "line": 12,
          "column": 25
        },
        "end": {
          "line": 12,
          "column": 26
        }
      },
      "9": {
        "start": {
          "line": 13,
          "column": 16
        },
        "end": {
          "line": 18,
          "column": 29
        }
      },
      "10": {
        "start": {
          "line": 21,
          "column": 12
        },
        "end": {
          "line": 21,
          "column": 69
        }
      },
      "11": {
        "start": {
          "line": 23,
          "column": 12
        },
        "end": {
          "line": 23,
          "column": 72
        }
      },
      "12": {
        "start": {
          "line": 24,
          "column": 12
        },
        "end": {
          "line": 24,
          "column": 108
        }
      },
      "13": {
        "start": {
          "line": 25,
          "column": 12
        },
        "end": {
          "line": 25,
          "column": 84
        }
      },
      "14": {
        "start": {
          "line": 29,
          "column": 4
        },
        "end": {
          "line": 29,
          "column": 19
        }
      },
      "15": {
        "start": {
          "line": 34,
          "column": 18
        },
        "end": {
          "line": 34,
          "column": 38
        }
      },
      "16": {
        "start": {
          "line": 35,
          "column": 4
        },
        "end": {
          "line": 35,
          "column": 56
        }
      },
      "17": {
        "start": {
          "line": 36,
          "column": 4
        },
        "end": {
          "line": 36,
          "column": 65
        }
      },
      "18": {
        "start": {
          "line": 38,
          "column": 4
        },
        "end": {
          "line": 59,
          "column": 6
        }
      },
      "19": {
        "start": {
          "line": 39,
          "column": 8
        },
        "end": {
          "line": 58,
          "column": 9
        }
      },
      "20": {
        "start": {
          "line": 40,
          "column": 24
        },
        "end": {
          "line": 40,
          "column": 56
        }
      },
      "21": {
        "start": {
          "line": 41,
          "column": 12
        },
        "end": {
          "line": 41,
          "column": 75
        }
      },
      "22": {
        "start": {
          "line": 42,
          "column": 12
        },
        "end": {
          "line": 42,
          "column": 81
        }
      },
      "23": {
        "start": {
          "line": 43,
          "column": 12
        },
        "end": {
          "line": 43,
          "column": 77
        }
      },
      "24": {
        "start": {
          "line": 44,
          "column": 12
        },
        "end": {
          "line": 44,
          "column": 72
        }
      },
      "25": {
        "start": {
          "line": 45,
          "column": 12
        },
        "end": {
          "line": 45,
          "column": 67
        }
      },
      "26": {
        "start": {
          "line": 46,
          "column": 12
        },
        "end": {
          "line": 46,
          "column": 79
        }
      },
      "27": {
        "start": {
          "line": 47,
          "column": 12
        },
        "end": {
          "line": 47,
          "column": 71
        }
      },
      "28": {
        "start": {
          "line": 48,
          "column": 12
        },
        "end": {
          "line": 48,
          "column": 73
        }
      },
      "29": {
        "start": {
          "line": 50,
          "column": 12
        },
        "end": {
          "line": 52,
          "column": 15
        }
      },
      "30": {
        "start": {
          "line": 51,
          "column": 16
        },
        "end": {
          "line": 51,
          "column": 76
        }
      },
      "31": {
        "start": {
          "line": 55,
          "column": 12
        },
        "end": {
          "line": 55,
          "column": 79
        }
      },
      "32": {
        "start": {
          "line": 56,
          "column": 12
        },
        "end": {
          "line": 56,
          "column": 115
        }
      },
      "33": {
        "start": {
          "line": 57,
          "column": 12
        },
        "end": {
          "line": 57,
          "column": 84
        }
      },
      "34": {
        "start": {
          "line": 61,
          "column": 4
        },
        "end": {
          "line": 61,
          "column": 19
        }
      },
      "35": {
        "start": {
          "line": 66,
          "column": 20
        },
        "end": {
          "line": 66,
          "column": 73
        }
      },
      "36": {
        "start": {
          "line": 67,
          "column": 25
        },
        "end": {
          "line": 75,
          "column": 5
        }
      },
      "37": {
        "start": {
          "line": 77,
          "column": 18
        },
        "end": {
          "line": 77,
          "column": 38
        }
      },
      "38": {
        "start": {
          "line": 78,
          "column": 4
        },
        "end": {
          "line": 78,
          "column": 55
        }
      },
      "39": {
        "start": {
          "line": 79,
          "column": 4
        },
        "end": {
          "line": 79,
          "column": 65
        }
      },
      "40": {
        "start": {
          "line": 81,
          "column": 4
        },
        "end": {
          "line": 89,
          "column": 6
        }
      },
      "41": {
        "start": {
          "line": 82,
          "column": 8
        },
        "end": {
          "line": 88,
          "column": 9
        }
      },
      "42": {
        "start": {
          "line": 83,
          "column": 12
        },
        "end": {
          "line": 83,
          "column": 49
        }
      },
      "43": {
        "start": {
          "line": 84,
          "column": 12
        },
        "end": {
          "line": 84,
          "column": 48
        }
      },
      "44": {
        "start": {
          "line": 86,
          "column": 12
        },
        "end": {
          "line": 86,
          "column": 71
        }
      },
      "45": {
        "start": {
          "line": 87,
          "column": 12
        },
        "end": {
          "line": 87,
          "column": 109
        }
      },
      "46": {
        "start": {
          "line": 91,
          "column": 4
        },
        "end": {
          "line": 91,
          "column": 47
        }
      },
      "47": {
        "start": {
          "line": 96,
          "column": 20
        },
        "end": {
          "line": 96,
          "column": 73
        }
      },
      "48": {
        "start": {
          "line": 98,
          "column": 4
        },
        "end": {
          "line": 101,
          "column": 5
        }
      },
      "49": {
        "start": {
          "line": 99,
          "column": 8
        },
        "end": {
          "line": 99,
          "column": 79
        }
      },
      "50": {
        "start": {
          "line": 100,
          "column": 8
        },
        "end": {
          "line": 100,
          "column": 15
        }
      },
      "51": {
        "start": {
          "line": 103,
          "column": 18
        },
        "end": {
          "line": 103,
          "column": 38
        }
      },
      "52": {
        "start": {
          "line": 104,
          "column": 4
        },
        "end": {
          "line": 104,
          "column": 56
        }
      },
      "53": {
        "start": {
          "line": 105,
          "column": 4
        },
        "end": {
          "line": 105,
          "column": 65
        }
      },
      "54": {
        "start": {
          "line": 107,
          "column": 4
        },
        "end": {
          "line": 121,
          "column": 6
        }
      },
      "55": {
        "start": {
          "line": 108,
          "column": 8
        },
        "end": {
          "line": 120,
          "column": 9
        }
      },
      "56": {
        "start": {
          "line": 109,
          "column": 24
        },
        "end": {
          "line": 109,
          "column": 56
        }
      },
      "57": {
        "start": {
          "line": 110,
          "column": 12
        },
        "end": {
          "line": 110,
          "column": 79
        }
      },
      "58": {
        "start": {
          "line": 111,
          "column": 12
        },
        "end": {
          "line": 111,
          "column": 81
        }
      },
      "59": {
        "start": {
          "line": 112,
          "column": 12
        },
        "end": {
          "line": 112,
          "column": 69
        }
      },
      "60": {
        "start": {
          "line": 113,
          "column": 12
        },
        "end": {
          "line": 113,
          "column": 71
        }
      },
      "61": {
        "start": {
          "line": 114,
          "column": 12
        },
        "end": {
          "line": 114,
          "column": 83
        }
      },
      "62": {
        "start": {
          "line": 115,
          "column": 12
        },
        "end": {
          "line": 115,
          "column": 75
        }
      },
      "63": {
        "start": {
          "line": 116,
          "column": 12
        },
        "end": {
          "line": 116,
          "column": 73
        }
      },
      "64": {
        "start": {
          "line": 118,
          "column": 12
        },
        "end": {
          "line": 118,
          "column": 79
        }
      },
      "65": {
        "start": {
          "line": 119,
          "column": 12
        },
        "end": {
          "line": 119,
          "column": 115
        }
      },
      "66": {
        "start": {
          "line": 123,
          "column": 4
        },
        "end": {
          "line": 123,
          "column": 19
        }
      },
      "67": {
        "start": {
          "line": 128,
          "column": 20
        },
        "end": {
          "line": 128,
          "column": 73
        }
      },
      "68": {
        "start": {
          "line": 130,
          "column": 4
        },
        "end": {
          "line": 133,
          "column": 5
        }
      },
      "69": {
        "start": {
          "line": 131,
          "column": 8
        },
        "end": {
          "line": 131,
          "column": 52
        }
      },
      "70": {
        "start": {
          "line": 132,
          "column": 8
        },
        "end": {
          "line": 132,
          "column": 15
        }
      },
      "71": {
        "start": {
          "line": 135,
          "column": 18
        },
        "end": {
          "line": 135,
          "column": 38
        }
      },
      "72": {
        "start": {
          "line": 136,
          "column": 4
        },
        "end": {
          "line": 136,
          "column": 60
        }
      },
      "73": {
        "start": {
          "line": 137,
          "column": 4
        },
        "end": {
          "line": 137,
          "column": 65
        }
      },
      "74": {
        "start": {
          "line": 139,
          "column": 4
        },
        "end": {
          "line": 147,
          "column": 6
        }
      },
      "75": {
        "start": {
          "line": 140,
          "column": 8
        },
        "end": {
          "line": 146,
          "column": 9
        }
      },
      "76": {
        "start": {
          "line": 141,
          "column": 12
        },
        "end": {
          "line": 141,
          "column": 49
        }
      },
      "77": {
        "start": {
          "line": 142,
          "column": 12
        },
        "end": {
          "line": 142,
          "column": 48
        }
      },
      "78": {
        "start": {
          "line": 144,
          "column": 12
        },
        "end": {
          "line": 144,
          "column": 71
        }
      },
      "79": {
        "start": {
          "line": 145,
          "column": 12
        },
        "end": {
          "line": 145,
          "column": 109
        }
      },
      "80": {
        "start": {
          "line": 149,
          "column": 4
        },
        "end": {
          "line": 149,
          "column": 19
        }
      },
      "81": {
        "start": {
          "line": 154,
          "column": 4
        },
        "end": {
          "line": 156,
          "column": 5
        }
      },
      "82": {
        "start": {
          "line": 155,
          "column": 8
        },
        "end": {
          "line": 155,
          "column": 22
        }
      },
      "83": {
        "start": {
          "line": 161,
          "column": 4
        },
        "end": {
          "line": 161,
          "column": 27
        }
      },
      "84": {
        "start": {
          "line": 162,
          "column": 18
        },
        "end": {
          "line": 162,
          "column": 22
        }
      },
      "85": {
        "start": {
          "line": 164,
          "column": 19
        },
        "end": {
          "line": 171,
          "column": 5
        }
      },
      "86": {
        "start": {
          "line": 174,
          "column": 4
        },
        "end": {
          "line": 183,
          "column": 7
        }
      },
      "87": {
        "start": {
          "line": 175,
          "column": 22
        },
        "end": {
          "line": 175,
          "column": 55
        }
      },
      "88": {
        "start": {
          "line": 176,
          "column": 29
        },
        "end": {
          "line": 176,
          "column": 67
        }
      },
      "89": {
        "start": {
          "line": 177,
          "column": 8
        },
        "end": {
          "line": 182,
          "column": 9
        }
      },
      "90": {
        "start": {
          "line": 178,
          "column": 12
        },
        "end": {
          "line": 178,
          "column": 53
        }
      },
      "91": {
        "start": {
          "line": 179,
          "column": 12
        },
        "end": {
          "line": 179,
          "column": 28
        }
      },
      "92": {
        "start": {
          "line": 181,
          "column": 12
        },
        "end": {
          "line": 181,
          "column": 42
        }
      },
      "93": {
        "start": {
          "line": 186,
          "column": 24
        },
        "end": {
          "line": 186,
          "column": 62
        }
      },
      "94": {
        "start": {
          "line": 187,
          "column": 29
        },
        "end": {
          "line": 187,
          "column": 73
        }
      },
      "95": {
        "start": {
          "line": 188,
          "column": 33
        },
        "end": {
          "line": 188,
          "column": 35
        }
      },
      "96": {
        "start": {
          "line": 189,
          "column": 33
        },
        "end": {
          "line": 189,
          "column": 36
        }
      },
      "97": {
        "start": {
          "line": 191,
          "column": 4
        },
        "end": {
          "line": 199,
          "column": 5
        }
      },
      "98": {
        "start": {
          "line": 192,
          "column": 8
        },
        "end": {
          "line": 192,
          "column": 65
        }
      },
      "99": {
        "start": {
          "line": 193,
          "column": 8
        },
        "end": {
          "line": 193,
          "column": 24
        }
      },
      "100": {
        "start": {
          "line": 194,
          "column": 11
        },
        "end": {
          "line": 199,
          "column": 5
        }
      },
      "101": {
        "start": {
          "line": 195,
          "column": 8
        },
        "end": {
          "line": 195,
          "column": 133
        }
      },
      "102": {
        "start": {
          "line": 196,
          "column": 8
        },
        "end": {
          "line": 196,
          "column": 24
        }
      },
      "103": {
        "start": {
          "line": 198,
          "column": 8
        },
        "end": {
          "line": 198,
          "column": 42
        }
      },
      "104": {
        "start": {
          "line": 201,
          "column": 4
        },
        "end": {
          "line": 203,
          "column": 5
        }
      },
      "105": {
        "start": {
          "line": 202,
          "column": 8
        },
        "end": {
          "line": 202,
          "column": 22
        }
      },
      "106": {
        "start": {
          "line": 208,
          "column": 4
        },
        "end": {
          "line": 234,
          "column": 7
        }
      },
      "107": {
        "start": {
          "line": 209,
          "column": 22
        },
        "end": {
          "line": 209,
          "column": 42
        }
      },
      "108": {
        "start": {
          "line": 210,
          "column": 8
        },
        "end": {
          "line": 210,
          "column": 49
        }
      },
      "109": {
        "start": {
          "line": 211,
          "column": 8
        },
        "end": {
          "line": 211,
          "column": 69
        }
      },
      "110": {
        "start": {
          "line": 213,
          "column": 8
        },
        "end": {
          "line": 231,
          "column": 10
        }
      },
      "111": {
        "start": {
          "line": 214,
          "column": 12
        },
        "end": {
          "line": 230,
          "column": 13
        }
      },
      "112": {
        "start": {
          "line": 215,
          "column": 31
        },
        "end": {
          "line": 215,
          "column": 63
        }
      },
      "113": {
        "start": {
          "line": 216,
          "column": 36
        },
        "end": {
          "line": 216,
          "column": 75
        }
      },
      "114": {
        "start": {
          "line": 217,
          "column": 16
        },
        "end": {
          "line": 217,
          "column": 81
        }
      },
      "115": {
        "start": {
          "line": 219,
          "column": 16
        },
        "end": {
          "line": 224,
          "column": 19
        }
      },
      "116": {
        "start": {
          "line": 220,
          "column": 35
        },
        "end": {
          "line": 220,
          "column": 67
        }
      },
      "117": {
        "start": {
          "line": 221,
          "column": 20
        },
        "end": {
          "line": 221,
          "column": 44
        }
      },
      "118": {
        "start": {
          "line": 222,
          "column": 20
        },
        "end": {
          "line": 222,
          "column": 52
        }
      },
      "119": {
        "start": {
          "line": 223,
          "column": 20
        },
        "end": {
          "line": 223,
          "column": 52
        }
      },
      "120": {
        "start": {
          "line": 226,
          "column": 16
        },
        "end": {
          "line": 226,
          "column": 26
        }
      },
      "121": {
        "start": {
          "line": 228,
          "column": 16
        },
        "end": {
          "line": 228,
          "column": 76
        }
      },
      "122": {
        "start": {
          "line": 229,
          "column": 16
        },
        "end": {
          "line": 229,
          "column": 25
        }
      },
      "123": {
        "start": {
          "line": 233,
          "column": 8
        },
        "end": {
          "line": 233,
          "column": 23
        }
      },
      "124": {
        "start": {
          "line": 239,
          "column": 0
        },
        "end": {
          "line": 253,
          "column": 2
        }
      },
      "125": {
        "start": {
          "line": 240,
          "column": 4
        },
        "end": {
          "line": 252,
          "column": 5
        }
      },
      "126": {
        "start": {
          "line": 241,
          "column": 8
        },
        "end": {
          "line": 241,
          "column": 21
        }
      },
      "127": {
        "start": {
          "line": 242,
          "column": 11
        },
        "end": {
          "line": 252,
          "column": 5
        }
      },
      "128": {
        "start": {
          "line": 243,
          "column": 8
        },
        "end": {
          "line": 243,
          "column": 27
        }
      },
      "129": {
        "start": {
          "line": 245,
          "column": 23
        },
        "end": {
          "line": 245,
          "column": 66
        }
      },
      "130": {
        "start": {
          "line": 246,
          "column": 24
        },
        "end": {
          "line": 246,
          "column": 40
        }
      },
      "131": {
        "start": {
          "line": 248,
          "column": 8
        },
        "end": {
          "line": 250,
          "column": 9
        }
      },
      "132": {
        "start": {
          "line": 249,
          "column": 12
        },
        "end": {
          "line": 249,
          "column": 40
        }
      },
      "133": {
        "start": {
          "line": 251,
          "column": 8
        },
        "end": {
          "line": 251,
          "column": 21
        }
      }
    },
    "fnMap": {
      "0": {
        "name": "viewMovies",
        "decl": {
          "start": {
            "line": 2,
            "column": 9
          },
          "end": {
            "line": 2,
            "column": 19
          }
        },
        "loc": {
          "start": {
            "line": 2,
            "column": 22
          },
          "end": {
            "line": 30,
            "column": 1
          }
        },
        "line": 2
      },
      "1": {
        "name": "(anonymous_1)",
        "decl": {
          "start": {
            "line": 7,
            "column": 21
          },
          "end": {
            "line": 7,
            "column": 22
          }
        },
        "loc": {
          "start": {
            "line": 7,
            "column": 33
          },
          "end": {
            "line": 27,
            "column": 5
          }
        },
        "line": 7
      },
      "2": {
        "name": "loadMovieForUpdate",
        "decl": {
          "start": {
            "line": 33,
            "column": 9
          },
          "end": {
            "line": 33,
            "column": 27
          }
        },
        "loc": {
          "start": {
            "line": 33,
            "column": 37
          },
          "end": {
            "line": 62,
            "column": 1
          }
        },
        "line": 33
      },
      "3": {
        "name": "(anonymous_3)",
        "decl": {
          "start": {
            "line": 38,
            "column": 21
          },
          "end": {
            "line": 38,
            "column": 22
          }
        },
        "loc": {
          "start": {
            "line": 38,
            "column": 33
          },
          "end": {
            "line": 59,
            "column": 5
          }
        },
        "line": 38
      },
      "4": {
        "name": "(anonymous_4)",
        "decl": {
          "start": {
            "line": 50,
            "column": 30
          },
          "end": {
            "line": 50,
            "column": 31
          }
        },
        "loc": {
          "start": {
            "line": 50,
            "column": 36
          },
          "end": {
            "line": 52,
            "column": 13
          }
        },
        "line": 50
      },
      "5": {
        "name": "updateMovie",
        "decl": {
          "start": {
            "line": 65,
            "column": 9
          },
          "end": {
            "line": 65,
            "column": 20
          }
        },
        "loc": {
          "start": {
            "line": 65,
            "column": 23
          },
          "end": {
            "line": 92,
            "column": 1
          }
        },
        "line": 65
      },
      "6": {
        "name": "(anonymous_6)",
        "decl": {
          "start": {
            "line": 81,
            "column": 21
          },
          "end": {
            "line": 81,
            "column": 22
          }
        },
        "loc": {
          "start": {
            "line": 81,
            "column": 33
          },
          "end": {
            "line": 89,
            "column": 5
          }
        },
        "line": 81
      },
      "7": {
        "name": "loadMovieDetails",
        "decl": {
          "start": {
            "line": 95,
            "column": 9
          },
          "end": {
            "line": 95,
            "column": 25
          }
        },
        "loc": {
          "start": {
            "line": 95,
            "column": 28
          },
          "end": {
            "line": 124,
            "column": 1
          }
        },
        "line": 95
      },
      "8": {
        "name": "(anonymous_8)",
        "decl": {
          "start": {
            "line": 107,
            "column": 21
          },
          "end": {
            "line": 107,
            "column": 22
          }
        },
        "loc": {
          "start": {
            "line": 107,
            "column": 33
          },
          "end": {
            "line": 121,
            "column": 5
          }
        },
        "line": 107
      },
      "9": {
        "name": "deleteMovie",
        "decl": {
          "start": {
            "line": 127,
            "column": 9
          },
          "end": {
            "line": 127,
            "column": 20
          }
        },
        "loc": {
          "start": {
            "line": 127,
            "column": 23
          },
          "end": {
            "line": 150,
            "column": 1
          }
        },
        "line": 127
      },
      "10": {
        "name": "(anonymous_10)",
        "decl": {
          "start": {
            "line": 139,
            "column": 21
          },
          "end": {
            "line": 139,
            "column": 22
          }
        },
        "loc": {
          "start": {
            "line": 139,
            "column": 33
          },
          "end": {
            "line": 147,
            "column": 5
          }
        },
        "line": 139
      },
      "11": {
        "name": "confirmDelete",
        "decl": {
          "start": {
            "line": 153,
            "column": 9
          },
          "end": {
            "line": 153,
            "column": 22
          }
        },
        "loc": {
          "start": {
            "line": 153,
            "column": 25
          },
          "end": {
            "line": 157,
            "column": 1
          }
        },
        "line": 153
      },
      "12": {
        "name": "validateForm",
        "decl": {
          "start": {
            "line": 160,
            "column": 9
          },
          "end": {
            "line": 160,
            "column": 21
          }
        },
        "loc": {
          "start": {
            "line": 160,
            "column": 29
          },
          "end": {
            "line": 204,
            "column": 1
          }
        },
        "line": 160
      },
      "13": {
        "name": "(anonymous_13)",
        "decl": {
          "start": {
            "line": 174,
            "column": 19
          },
          "end": {
            "line": 174,
            "column": 20
          }
        },
        "loc": {
          "start": {
            "line": 174,
            "column": 28
          },
          "end": {
            "line": 183,
            "column": 5
          }
        },
        "line": 174
      },
      "14": {
        "name": "loadGenres",
        "decl": {
          "start": {
            "line": 207,
            "column": 9
          },
          "end": {
            "line": 207,
            "column": 19
          }
        },
        "loc": {
          "start": {
            "line": 207,
            "column": 22
          },
          "end": {
            "line": 235,
            "column": 1
          }
        },
        "line": 207
      },
      "15": {
        "name": "(anonymous_15)",
        "decl": {
          "start": {
            "line": 208,
            "column": 23
          },
          "end": {
            "line": 208,
            "column": 24
          }
        },
        "loc": {
          "start": {
            "line": 208,
            "column": 44
          },
          "end": {
            "line": 234,
            "column": 5
          }
        },
        "line": 208
      },
      "16": {
        "name": "(anonymous_16)",
        "decl": {
          "start": {
            "line": 213,
            "column": 25
          },
          "end": {
            "line": 213,
            "column": 26
          }
        },
        "loc": {
          "start": {
            "line": 213,
            "column": 37
          },
          "end": {
            "line": 231,
            "column": 9
          }
        },
        "line": 213
      },
      "17": {
        "name": "(anonymous_17)",
        "decl": {
          "start": {
            "line": 219,
            "column": 31
          },
          "end": {
            "line": 219,
            "column": 32
          }
        },
        "loc": {
          "start": {
            "line": 219,
            "column": 40
          },
          "end": {
            "line": 224,
            "column": 17
          }
        },
        "line": 219
      },
      "18": {
        "name": "(anonymous_18)",
        "decl": {
          "start": {
            "line": 239,
            "column": 16
          },
          "end": {
            "line": 239,
            "column": 17
          }
        },
        "loc": {
          "start": {
            "line": 239,
            "column": 28
          },
          "end": {
            "line": 253,
            "column": 1
          }
        },
        "line": 239
      }
    },
    "branchMap": {
      "0": {
        "loc": {
          "start": {
            "line": 8,
            "column": 8
          },
          "end": {
            "line": 26,
            "column": 9
          }
        },
        "type": "if",
        "locations": [
          {
            "start": {
              "line": 8,
              "column": 8
            },
            "end": {
              "line": 26,
              "column": 9
            }
          },
          {
            "start": {
              "line": 22,
              "column": 15
            },
            "end": {
              "line": 26,
              "column": 9
            }
          }
        ],
        "line": 8
      },
      "1": {
        "loc": {
          "start": {
            "line": 8,
            "column": 12
          },
          "end": {
            "line": 8,
            "column": 57
          }
        },
        "type": "binary-expr",
        "locations": [
          {
            "start": {
              "line": 8,
              "column": 12
            },
            "end": {
              "line": 8,
              "column": 33
            }
          },
          {
            "start": {
              "line": 8,
              "column": 37
            },
            "end": {
              "line": 8,
              "column": 57
            }
          }
        ],
        "line": 8
      },
      "2": {
        "loc": {
          "start": {
            "line": 39,
            "column": 8
          },
          "end": {
            "line": 58,
            "column": 9
          }
        },
        "type": "if",
        "locations": [
          {
            "start": {
              "line": 39,
              "column": 8
            },
            "end": {
              "line": 58,
              "column": 9
            }
          },
          {
            "start": {
              "line": 54,
              "column": 15
            },
            "end": {
              "line": 58,
              "column": 9
            }
          }
        ],
        "line": 39
      },
      "3": {
        "loc": {
          "start": {
            "line": 39,
            "column": 12
          },
          "end": {
            "line": 39,
            "column": 57
          }
        },
        "type": "binary-expr",
        "locations": [
          {
            "start": {
              "line": 39,
              "column": 12
            },
            "end": {
              "line": 39,
              "column": 33
            }
          },
          {
            "start": {
              "line": 39,
              "column": 37
            },
            "end": {
              "line": 39,
              "column": 57
            }
          }
        ],
        "line": 39
      },
      "4": {
        "loc": {
          "start": {
            "line": 82,
            "column": 8
          },
          "end": {
            "line": 88,
            "column": 9
          }
        },
        "type": "if",
        "locations": [
          {
            "start": {
              "line": 82,
              "column": 8
            },
            "end": {
              "line": 88,
              "column": 9
            }
          },
          {
            "start": {
              "line": 85,
              "column": 15
            },
            "end": {
              "line": 88,
              "column": 9
            }
          }
        ],
        "line": 82
      },
      "5": {
        "loc": {
          "start": {
            "line": 82,
            "column": 12
          },
          "end": {
            "line": 82,
            "column": 57
          }
        },
        "type": "binary-expr",
        "locations": [
          {
            "start": {
              "line": 82,
              "column": 12
            },
            "end": {
              "line": 82,
              "column": 33
            }
          },
          {
            "start": {
              "line": 82,
              "column": 37
            },
            "end": {
              "line": 82,
              "column": 57
            }
          }
        ],
        "line": 82
      },
      "6": {
        "loc": {
          "start": {
            "line": 98,
            "column": 4
          },
          "end": {
            "line": 101,
            "column": 5
          }
        },
        "type": "if",
        "locations": [
          {
            "start": {
              "line": 98,
              "column": 4
            },
            "end": {
              "line": 101,
              "column": 5
            }
          },
          {
            "start": {},
            "end": {}
          }
        ],
        "line": 98
      },
      "7": {
        "loc": {
          "start": {
            "line": 108,
            "column": 8
          },
          "end": {
            "line": 120,
            "column": 9
          }
        },
        "type": "if",
        "locations": [
          {
            "start": {
              "line": 108,
              "column": 8
            },
            "end": {
              "line": 120,
              "column": 9
            }
          },
          {
            "start": {
              "line": 117,
              "column": 15
            },
            "end": {
              "line": 120,
              "column": 9
            }
          }
        ],
        "line": 108
      },
      "8": {
        "loc": {
          "start": {
            "line": 108,
            "column": 12
          },
          "end": {
            "line": 108,
            "column": 57
          }
        },
        "type": "binary-expr",
        "locations": [
          {
            "start": {
              "line": 108,
              "column": 12
            },
            "end": {
              "line": 108,
              "column": 33
            }
          },
          {
            "start": {
              "line": 108,
              "column": 37
            },
            "end": {
              "line": 108,
              "column": 57
            }
          }
        ],
        "line": 108
      },
      "9": {
        "loc": {
          "start": {
            "line": 130,
            "column": 4
          },
          "end": {
            "line": 133,
            "column": 5
          }
        },
        "type": "if",
        "locations": [
          {
            "start": {
              "line": 130,
              "column": 4
            },
            "end": {
              "line": 133,
              "column": 5
            }
          },
          {
            "start": {},
            "end": {}
          }
        ],
        "line": 130
      },
      "10": {
        "loc": {
          "start": {
            "line": 140,
            "column": 8
          },
          "end": {
            "line": 146,
            "column": 9
          }
        },
        "type": "if",
        "locations": [
          {
            "start": {
              "line": 140,
              "column": 8
            },
            "end": {
              "line": 146,
              "column": 9
            }
          },
          {
            "start": {
              "line": 143,
              "column": 15
            },
            "end": {
              "line": 146,
              "column": 9
            }
          }
        ],
        "line": 140
      },
      "11": {
        "loc": {
          "start": {
            "line": 140,
            "column": 12
          },
          "end": {
            "line": 140,
            "column": 57
          }
        },
        "type": "binary-expr",
        "locations": [
          {
            "start": {
              "line": 140,
              "column": 12
            },
            "end": {
              "line": 140,
              "column": 33
            }
          },
          {
            "start": {
              "line": 140,
              "column": 37
            },
            "end": {
              "line": 140,
              "column": 57
            }
          }
        ],
        "line": 140
      },
      "12": {
        "loc": {
          "start": {
            "line": 154,
            "column": 4
          },
          "end": {
            "line": 156,
            "column": 5
          }
        },
        "type": "if",
        "locations": [
          {
            "start": {
              "line": 154,
              "column": 4
            },
            "end": {
              "line": 156,
              "column": 5
            }
          },
          {
            "start": {},
            "end": {}
          }
        ],
        "line": 154
      },
      "13": {
        "loc": {
          "start": {
            "line": 177,
            "column": 8
          },
          "end": {
            "line": 182,
            "column": 9
          }
        },
        "type": "if",
        "locations": [
          {
            "start": {
              "line": 177,
              "column": 8
            },
            "end": {
              "line": 182,
              "column": 9
            }
          },
          {
            "start": {
              "line": 180,
              "column": 15
            },
            "end": {
              "line": 182,
              "column": 9
            }
          }
        ],
        "line": 177
      },
      "14": {
        "loc": {
          "start": {
            "line": 191,
            "column": 4
          },
          "end": {
            "line": 199,
            "column": 5
          }
        },
        "type": "if",
        "locations": [
          {
            "start": {
              "line": 191,
              "column": 4
            },
            "end": {
              "line": 199,
              "column": 5
            }
          },
          {
            "start": {
              "line": 194,
              "column": 11
            },
            "end": {
              "line": 199,
              "column": 5
            }
          }
        ],
        "line": 191
      },
      "15": {
        "loc": {
          "start": {
            "line": 194,
            "column": 11
          },
          "end": {
            "line": 199,
            "column": 5
          }
        },
        "type": "if",
        "locations": [
          {
            "start": {
              "line": 194,
              "column": 11
            },
            "end": {
              "line": 199,
              "column": 5
            }
          },
          {
            "start": {
              "line": 197,
              "column": 11
            },
            "end": {
              "line": 199,
              "column": 5
            }
          }
        ],
        "line": 194
      },
      "16": {
        "loc": {
          "start": {
            "line": 194,
            "column": 15
          },
          "end": {
            "line": 194,
            "column": 113
          }
        },
        "type": "binary-expr",
        "locations": [
          {
            "start": {
              "line": 194,
              "column": 15
            },
            "end": {
              "line": 194,
              "column": 62
            }
          },
          {
            "start": {
              "line": 194,
              "column": 66
            },
            "end": {
              "line": 194,
              "column": 113
            }
          }
        ],
        "line": 194
      },
      "17": {
        "loc": {
          "start": {
            "line": 201,
            "column": 4
          },
          "end": {
            "line": 203,
            "column": 5
          }
        },
        "type": "if",
        "locations": [
          {
            "start": {
              "line": 201,
              "column": 4
            },
            "end": {
              "line": 203,
              "column": 5
            }
          },
          {
            "start": {},
            "end": {}
          }
        ],
        "line": 201
      },
      "18": {
        "loc": {
          "start": {
            "line": 214,
            "column": 12
          },
          "end": {
            "line": 230,
            "column": 13
          }
        },
        "type": "if",
        "locations": [
          {
            "start": {
              "line": 214,
              "column": 12
            },
            "end": {
              "line": 230,
              "column": 13
            }
          },
          {
            "start": {
              "line": 227,
              "column": 19
            },
            "end": {
              "line": 230,
              "column": 13
            }
          }
        ],
        "line": 214
      },
      "19": {
        "loc": {
          "start": {
            "line": 214,
            "column": 16
          },
          "end": {
            "line": 214,
            "column": 61
          }
        },
        "type": "binary-expr",
        "locations": [
          {
            "start": {
              "line": 214,
              "column": 16
            },
            "end": {
              "line": 214,
              "column": 37
            }
          },
          {
            "start": {
              "line": 214,
              "column": 41
            },
            "end": {
              "line": 214,
              "column": 61
            }
          }
        ],
        "line": 214
      },
      "20": {
        "loc": {
          "start": {
            "line": 240,
            "column": 4
          },
          "end": {
            "line": 252,
            "column": 5
          }
        },
        "type": "if",
        "locations": [
          {
            "start": {
              "line": 240,
              "column": 4
            },
            "end": {
              "line": 252,
              "column": 5
            }
          },
          {
            "start": {
              "line": 242,
              "column": 11
            },
            "end": {
              "line": 252,
              "column": 5
            }
          }
        ],
        "line": 240
      },
      "21": {
        "loc": {
          "start": {
            "line": 242,
            "column": 11
          },
          "end": {
            "line": 252,
            "column": 5
          }
        },
        "type": "if",
        "locations": [
          {
            "start": {
              "line": 242,
              "column": 11
            },
            "end": {
              "line": 252,
              "column": 5
            }
          },
          {
            "start": {
              "line": 244,
              "column": 11
            },
            "end": {
              "line": 252,
              "column": 5
            }
          }
        ],
        "line": 242
      },
      "22": {
        "loc": {
          "start": {
            "line": 248,
            "column": 8
          },
          "end": {
            "line": 250,
            "column": 9
          }
        },
        "type": "if",
        "locations": [
          {
            "start": {
              "line": 248,
              "column": 8
            },
            "end": {
              "line": 250,
              "column": 9
            }
          },
          {
            "start": {},
            "end": {}
          }
        ],
        "line": 248
      }
    },
    "s": {
      "0": 8,
      "1": 8,
      "2": 8,
      "3": 8,
      "4": 8,
      "5": 8,
      "6": 8,
      "7": 8,
      "8": 8,
      "9": 183,
      "10": 8,
      "11": 0,
      "12": 0,
      "13": 0,
      "14": 8,
      "15": 0,
      "16": 0,
      "17": 0,
      "18": 0,
      "19": 0,
      "20": 0,
      "21": 0,
      "22": 0,
      "23": 0,
      "24": 0,
      "25": 0,
      "26": 0,
      "27": 0,
      "28": 0,
      "29": 0,
      "30": 0,
      "31": 0,
      "32": 0,
      "33": 0,
      "34": 0,
      "35": 0,
      "36": 0,
      "37": 0,
      "38": 0,
      "39": 0,
      "40": 0,
      "41": 0,
      "42": 0,
      "43": 0,
      "44": 0,
      "45": 0,
      "46": 0,
      "47": 0,
      "48": 0,
      "49": 0,
      "50": 0,
      "51": 0,
      "52": 0,
      "53": 0,
      "54": 0,
      "55": 0,
      "56": 0,
      "57": 0,
      "58": 0,
      "59": 0,
      "60": 0,
      "61": 0,
      "62": 0,
      "63": 0,
      "64": 0,
      "65": 0,
      "66": 0,
      "67": 0,
      "68": 0,
      "69": 0,
      "70": 0,
      "71": 0,
      "72": 0,
      "73": 0,
      "74": 0,
      "75": 0,
      "76": 0,
      "77": 0,
      "78": 0,
      "79": 0,
      "80": 0,
      "81": 0,
      "82": 0,
      "83": 0,
      "84": 0,
      "85": 0,
      "86": 0,
      "87": 0,
      "88": 0,
      "89": 0,
      "90": 0,
      "91": 0,
      "92": 0,
      "93": 0,
      "94": 0,
      "95": 0,
      "96": 0,
      "97": 0,
      "98": 0,
      "99": 0,
      "100": 0,
      "101": 0,
      "102": 0,
      "103": 0,
      "104": 0,
      "105": 0,
      "106": 0,
      "107": 0,
      "108": 0,
      "109": 0,
      "110": 0,
      "111": 0,
      "112": 0,
      "113": 0,
      "114": 0,
      "115": 0,
      "116": 0,
      "117": 0,
      "118": 0,
      "119": 0,
      "120": 0,
      "121": 0,
      "122": 0,
      "123": 0,
      "124": 7,
      "125": 0,
      "126": 0,
      "127": 0,
      "128": 0,
      "129": 0,
      "130": 0,
      "131": 0,
      "132": 0,
      "133": 0
    },
    "f": {
      "0": 8,
      "1": 8,
      "2": 0,
      "3": 0,
      "4": 0,
      "5": 0,
      "6": 0,
      "7": 0,
      "8": 0,
      "9": 0,
      "10": 0,
      "11": 0,
      "12": 0,
      "13": 0,
      "14": 0,
      "15": 0,
      "16": 0,
      "17": 0,
      "18": 0
    },
    "b": {
      "0": [
        8,
        0
      ],
      "1": [
        8,
        8
      ],
      "2": [
        0,
        0
      ],
      "3": [
        0,
        0
      ],
      "4": [
        0,
        0
      ],
      "5": [
        0,
        0
      ],
      "6": [
        0,
        0
      ],
      "7": [
        0,
        0
      ],
      "8": [
        0,
        0
      ],
      "9": [
        0,
        0
      ],
      "10": [
        0,
        0
      ],
      "11": [
        0,
        0
      ],
      "12": [
        0,
        0
      ],
      "13": [
        0,
        0
      ],
      "14": [
        0,
        0
      ],
      "15": [
        0,
        0
      ],
      "16": [
        0,
        0
      ],
      "17": [
        0,
        0
      ],
      "18": [
        0,
        0
      ],
      "19": [
        0,
        0
      ],
      "20": [
        0,
        0
      ],
      "21": [
        0,
        0
      ],
      "22": [
        0,
        0
      ]
    },
    "_coverageSchema": "1a1c01bbd47fc00a2c39e90264f33305004495a9",
    "hash": "8114027e1d8265b6165f11e2deadc96cdc8fa43e"
  },
  "C:\\Users\\siahq_8ml8ib6\\OneDrive\\TP Year 2 Sem 2\\devops 2\\DevOps-G2-HuiQi\\public\\js\\script_Kai.js": {
    "path": "C:\\Users\\siahq_8ml8ib6\\OneDrive\\TP Year 2 Sem 2\\devops 2\\DevOps-G2-HuiQi\\public\\js\\script_Kai.js",
    "statementMap": {
      "0": {
        "start": {
          "line": 2,
          "column": 19
        },
        "end": {
          "line": 2,
          "column": 21
        }
      },
      "1": {
        "start": {
          "line": 3,
          "column": 18
        },
        "end": {
          "line": 3,
          "column": 38
        }
      },
      "2": {
        "start": {
          "line": 4,
          "column": 4
        },
        "end": {
          "line": 4,
          "column": 48
        }
      },
      "3": {
        "start": {
          "line": 5,
          "column": 4
        },
        "end": {
          "line": 5,
          "column": 65
        }
      },
      "4": {
        "start": {
          "line": 7,
          "column": 4
        },
        "end": {
          "line": 24,
          "column": 6
        }
      },
      "5": {
        "start": {
          "line": 8,
          "column": 8
        },
        "end": {
          "line": 23,
          "column": 9
        }
      },
      "6": {
        "start": {
          "line": 9,
          "column": 12
        },
        "end": {
          "line": 9,
          "column": 56
        }
      },
      "7": {
        "start": {
          "line": 10,
          "column": 23
        },
        "end": {
          "line": 10,
          "column": 25
        }
      },
      "8": {
        "start": {
          "line": 12,
          "column": 12
        },
        "end": {
          "line": 17,
          "column": 13
        }
      },
      "9": {
        "start": {
          "line": 12,
          "column": 25
        },
        "end": {
          "line": 12,
          "column": 26
        }
      },
      "10": {
        "start": {
          "line": 13,
          "column": 16
        },
        "end": {
          "line": 16,
          "column": 29
        }
      },
      "11": {
        "start": {
          "line": 19,
          "column": 12
        },
        "end": {
          "line": 19,
          "column": 69
        }
      },
      "12": {
        "start": {
          "line": 21,
          "column": 12
        },
        "end": {
          "line": 21,
          "column": 108
        }
      },
      "13": {
        "start": {
          "line": 22,
          "column": 12
        },
        "end": {
          "line": 22,
          "column": 84
        }
      },
      "14": {
        "start": {
          "line": 26,
          "column": 4
        },
        "end": {
          "line": 26,
          "column": 19
        }
      },
      "15": {
        "start": {
          "line": 29,
          "column": 0
        },
        "end": {
          "line": 29,
          "column": 16
        }
      },
      "16": {
        "start": {
          "line": 34,
          "column": 24
        },
        "end": {
          "line": 34,
          "column": 63
        }
      },
      "17": {
        "start": {
          "line": 35,
          "column": 4
        },
        "end": {
          "line": 35,
          "column": 63
        }
      },
      "18": {
        "start": {
          "line": 37,
          "column": 4
        },
        "end": {
          "line": 55,
          "column": 5
        }
      },
      "19": {
        "start": {
          "line": 38,
          "column": 25
        },
        "end": {
          "line": 38,
          "column": 53
        }
      },
      "20": {
        "start": {
          "line": 39,
          "column": 8
        },
        "end": {
          "line": 41,
          "column": 9
        }
      },
      "21": {
        "start": {
          "line": 40,
          "column": 12
        },
        "end": {
          "line": 40,
          "column": 96
        }
      },
      "22": {
        "start": {
          "line": 42,
          "column": 21
        },
        "end": {
          "line": 42,
          "column": 42
        }
      },
      "23": {
        "start": {
          "line": 43,
          "column": 8
        },
        "end": {
          "line": 43,
          "column": 44
        }
      },
      "24": {
        "start": {
          "line": 45,
          "column": 8
        },
        "end": {
          "line": 50,
          "column": 11
        }
      },
      "25": {
        "start": {
          "line": 46,
          "column": 27
        },
        "end": {
          "line": 46,
          "column": 59
        }
      },
      "26": {
        "start": {
          "line": 47,
          "column": 12
        },
        "end": {
          "line": 47,
          "column": 36
        }
      },
      "27": {
        "start": {
          "line": 48,
          "column": 12
        },
        "end": {
          "line": 48,
          "column": 44
        }
      },
      "28": {
        "start": {
          "line": 49,
          "column": 12
        },
        "end": {
          "line": 49,
          "column": 44
        }
      },
      "29": {
        "start": {
          "line": 52,
          "column": 8
        },
        "end": {
          "line": 52,
          "column": 54
        }
      },
      "30": {
        "start": {
          "line": 53,
          "column": 8
        },
        "end": {
          "line": 53,
          "column": 80
        }
      },
      "31": {
        "start": {
          "line": 54,
          "column": 8
        },
        "end": {
          "line": 54,
          "column": 80
        }
      },
      "32": {
        "start": {
          "line": 61,
          "column": 15
        },
        "end": {
          "line": 61,
          "column": 60
        }
      },
      "33": {
        "start": {
          "line": 63,
          "column": 14
        },
        "end": {
          "line": 63,
          "column": 30
        }
      },
      "34": {
        "start": {
          "line": 64,
          "column": 4
        },
        "end": {
          "line": 66,
          "column": 5
        }
      },
      "35": {
        "start": {
          "line": 65,
          "column": 8
        },
        "end": {
          "line": 65,
          "column": 40
        }
      },
      "36": {
        "start": {
          "line": 68,
          "column": 4
        },
        "end": {
          "line": 101,
          "column": 5
        }
      },
      "37": {
        "start": {
          "line": 69,
          "column": 25
        },
        "end": {
          "line": 69,
          "column": 41
        }
      },
      "38": {
        "start": {
          "line": 70,
          "column": 8
        },
        "end": {
          "line": 72,
          "column": 9
        }
      },
      "39": {
        "start": {
          "line": 71,
          "column": 12
        },
        "end": {
          "line": 71,
          "column": 96
        }
      },
      "40": {
        "start": {
          "line": 74,
          "column": 23
        },
        "end": {
          "line": 74,
          "column": 44
        }
      },
      "41": {
        "start": {
          "line": 76,
          "column": 29
        },
        "end": {
          "line": 76,
          "column": 68
        }
      },
      "42": {
        "start": {
          "line": 77,
          "column": 8
        },
        "end": {
          "line": 77,
          "column": 36
        }
      },
      "43": {
        "start": {
          "line": 79,
          "column": 8
        },
        "end": {
          "line": 84,
          "column": 9
        }
      },
      "44": {
        "start": {
          "line": 80,
          "column": 12
        },
        "end": {
          "line": 80,
          "column": 78
        }
      },
      "45": {
        "start": {
          "line": 81,
          "column": 12
        },
        "end": {
          "line": 81,
          "column": 19
        }
      },
      "46": {
        "start": {
          "line": 83,
          "column": 12
        },
        "end": {
          "line": 83,
          "column": 62
        }
      },
      "47": {
        "start": {
          "line": 87,
          "column": 8
        },
        "end": {
          "line": 97,
          "column": 11
        }
      },
      "48": {
        "start": {
          "line": 88,
          "column": 29
        },
        "end": {
          "line": 88,
          "column": 58
        }
      },
      "49": {
        "start": {
          "line": 89,
          "column": 12
        },
        "end": {
          "line": 89,
          "column": 46
        }
      },
      "50": {
        "start": {
          "line": 91,
          "column": 12
        },
        "end": {
          "line": 94,
          "column": 14
        }
      },
      "51": {
        "start": {
          "line": 96,
          "column": 12
        },
        "end": {
          "line": 96,
          "column": 47
        }
      },
      "52": {
        "start": {
          "line": 99,
          "column": 8
        },
        "end": {
          "line": 99,
          "column": 63
        }
      },
      "53": {
        "start": {
          "line": 100,
          "column": 8
        },
        "end": {
          "line": 100,
          "column": 80
        }
      },
      "54": {
        "start": {
          "line": 109,
          "column": 0
        },
        "end": {
          "line": 112,
          "column": 2
        }
      },
      "55": {
        "start": {
          "line": 110,
          "column": 4
        },
        "end": {
          "line": 110,
          "column": 20
        }
      },
      "56": {
        "start": {
          "line": 111,
          "column": 4
        },
        "end": {
          "line": 111,
[...]
          "column": 52
        }
      },
      "44": {
        "start": {
          "line": 88,
          "column": 8
        },
        "end": {
          "line": 88,
          "column": 41
        }
      },
      "45": {
        "start": {
          "line": 89,
          "column": 8
        },
        "end": {
          "line": 89,
          "column": 45
        }
      },
      "46": {
        "start": {
          "line": 90,
          "column": 8
        },
        "end": {
          "line": 90,
          "column": 76
        }
      },
      "47": {
        "start": {
          "line": 93,
          "column": 8
        },
        "end": {
          "line": 93,
          "column": 71
        }
      },
      "48": {
        "start": {
          "line": 97,
          "column": 4
        },
        "end": {
          "line": 99,
          "column": 5
        }
      },
      "49": {
        "start": {
          "line": 98,
          "column": 8
        },
        "end": {
          "line": 98,
          "column": 15
        }
      },
      "50": {
        "start": {
          "line": 102,
          "column": 18
        },
        "end": {
          "line": 102,
          "column": 38
        }
      },
      "51": {
        "start": {
          "line": 103,
          "column": 4
        },
        "end": {
          "line": 103,
          "column": 44
        }
      },
      "52": {
        "start": {
          "line": 104,
          "column": 4
        },
        "end": {
          "line": 104,
          "column": 65
        }
      },
      "53": {
        "start": {
          "line": 107,
          "column": 4
        },
        "end": {
          "line": 115,
          "column": 6
        }
      },
      "54": {
        "start": {
          "line": 108,
          "column": 23
        },
        "end": {
          "line": 108,
          "column": 55
        }
      },
      "55": {
        "start": {
          "line": 109,
          "column": 8
        },
        "end": {
          "line": 114,
          "column": 9
        }
      },
      "56": {
        "start": {
          "line": 110,
          "column": 12
        },
        "end": {
          "line": 110,
          "column": 103
        }
      },
      "57": {
        "start": {
          "line": 111,
          "column": 12
        },
        "end": {
          "line": 111,
          "column": 85
        }
      },
      "58": {
        "start": {
          "line": 112,
          "column": 12
        },
        "end": {
          "line": 112,
          "column": 31
        }
      },
      "59": {
        "start": {
          "line": 113,
          "column": 12
        },
        "end": {
          "line": 113,
          "column": 25
        }
      },
      "60": {
        "start": {
          "line": 118,
          "column": 4
        },
        "end": {
          "line": 118,
          "column": 43
        }
      },
      "61": {
        "start": {
          "line": 125,
          "column": 19
        },
        "end": {
          "line": 125,
          "column": 21
        }
      },
      "62": {
        "start": {
          "line": 126,
          "column": 18
        },
        "end": {
          "line": 126,
          "column": 38
        }
      },
      "63": {
        "start": {
          "line": 127,
          "column": 4
        },
        "end": {
          "line": 127,
          "column": 51
        }
      },
      "64": {
        "start": {
          "line": 128,
          "column": 4
        },
        "end": {
          "line": 128,
          "column": 65
        }
      },
      "65": {
        "start": {
          "line": 131,
          "column": 4
        },
        "end": {
          "line": 147,
          "column": 6
        }
      },
      "66": {
        "start": {
          "line": 132,
          "column": 8
        },
        "end": {
          "line": 146,
          "column": 9
        }
      },
      "67": {
        "start": {
          "line": 133,
          "column": 12
        },
        "end": {
          "line": 133,
          "column": 56
        }
      },
      "68": {
        "start": {
          "line": 134,
          "column": 23
        },
        "end": {
          "line": 134,
          "column": 25
        }
      },
      "69": {
        "start": {
          "line": 137,
          "column": 12
        },
        "end": {
          "line": 142,
          "column": 13
        }
      },
      "70": {
        "start": {
          "line": 137,
          "column": 25
        },
        "end": {
          "line": 137,
          "column": 26
        }
      },
      "71": {
        "start": {
          "line": 138,
          "column": 16
        },
        "end": {
          "line": 141,
          "column": 29
        }
      },
      "72": {
        "start": {
          "line": 145,
          "column": 12
        },
        "end": {
          "line": 145,
          "column": 69
        }
      },
      "73": {
        "start": {
          "line": 150,
          "column": 4
        },
        "end": {
          "line": 150,
          "column": 19
        }
      },
      "74": {
        "start": {
          "line": 155,
          "column": 0
        },
        "end": {
          "line": 155,
          "column": 13
        }
      },
      "75": {
        "start": {
          "line": 159,
          "column": 24
        },
        "end": {
          "line": 159,
          "column": 64
        }
      },
      "76": {
        "start": {
          "line": 162,
          "column": 4
        },
        "end": {
          "line": 184,
          "column": 11
        }
      },
      "77": {
        "start": {
          "line": 164,
          "column": 12
        },
        "end": {
          "line": 166,
          "column": 13
        }
      },
      "78": {
        "start": {
          "line": 165,
          "column": 16
        },
        "end": {
          "line": 165,
          "column": 23
        }
      },
      "79": {
        "start": {
          "line": 167,
          "column": 12
        },
        "end": {
          "line": 167,
          "column": 35
        }
      },
      "80": {
        "start": {
          "line": 171,
          "column": 12
        },
        "end": {
          "line": 171,
          "column": 97
        }
      },
      "81": {
        "start": {
          "line": 174,
          "column": 12
        },
        "end": {
          "line": 179,
          "column": 15
        }
      },
      "82": {
        "start": {
          "line": 175,
          "column": 31
        },
        "end": {
          "line": 175,
          "column": 63
        }
      },
      "83": {
        "start": {
          "line": 176,
          "column": 16
        },
        "end": {
          "line": 176,
          "column": 40
        }
      },
      "84": {
        "start": {
          "line": 177,
          "column": 16
        },
        "end": {
          "line": 177,
          "column": 48
        }
      },
      "85": {
        "start": {
          "line": 178,
          "column": 16
        },
        "end": {
          "line": 178,
          "column": 48
        }
      },
      "86": {
        "start": {
          "line": 182,
          "column": 12
        },
        "end": {
          "line": 182,
          "column": 89
        }
      },
      "87": {
        "start": {
          "line": 183,
          "column": 12
        },
        "end": {
          "line": 183,
          "column": 85
        }
      },
      "88": {
        "start": {
          "line": 190,
          "column": 0
        },
        "end": {
          "line": 190,
          "column": 58
        }
      }
    },
    "fnMap": {
      "0": {
        "name": "showAddMovieForm",
        "decl": {
          "start": {
            "line": 2,
            "column": 9
          },
          "end": {
            "line": 2,
            "column": 25
          }
        },
        "loc": {
          "start": {
            "line": 2,
            "column": 28
          },
          "end": {
            "line": 12,
            "column": 1
          }
        },
        "line": 2
      },
      "1": {
        "name": "hideAddMovieForm",
        "decl": {
          "start": {
            "line": 16,
            "column": 9
          },
          "end": {
            "line": 16,
            "column": 25
          }
        },
        "loc": {
          "start": {
            "line": 16,
            "column": 28
          },
          "end": {
            "line": 18,
            "column": 1
          }
        },
        "line": 16
      },
      "2": {
        "name": "addMovie",
        "decl": {
          "start": {
            "line": 21,
            "column": 9
          },
          "end": {
            "line": 21,
            "column": 17
          }
        },
        "loc": {
          "start": {
            "line": 21,
            "column": 20
          },
          "end": {
            "line": 119,
            "column": 1
          }
        },
        "line": 21
      },
      "3": {
        "name": "(anonymous_3)",
        "decl": {
          "start": {
            "line": 35,
            "column": 26
          },
          "end": {
            "line": 35,
            "column": 27
          }
        },
        "loc": {
          "start": {
            "line": 35,
            "column": 41
          },
          "end": {
            "line": 37,
            "column": 5
          }
        },
        "line": 35
      },
      "4": {
        "name": "(anonymous_4)",
        "decl": {
          "start": {
            "line": 44,
            "column": 19
          },
          "end": {
            "line": 44,
            "column": 20
          }
        },
        "loc": {
          "start": {
            "line": 44,
            "column": 28
          },
          "end": {
            "line": 61,
            "column": 5
          }
        },
        "line": 44
      },
      "5": {
        "name": "(anonymous_5)",
        "decl": {
          "start": {
            "line": 107,
            "column": 21
          },
          "end": {
            "line": 107,
            "column": 22
          }
        },
        "loc": {
          "start": {
            "line": 107,
            "column": 33
          },
          "end": {
            "line": 115,
            "column": 5
          }
        },
        "line": 107
      },
      "6": {
        "name": "viewMovies_HuiQi",
        "decl": {
          "start": {
            "line": 124,
            "column": 9
          },
          "end": {
            "line": 124,
            "column": 25
          }
        },
        "loc": {
          "start": {
            "line": 124,
            "column": 28
          },
          "end": {
            "line": 151,
            "column": 1
          }
        },
        "line": 124
      },
      "7": {
        "name": "(anonymous_7)",
        "decl": {
          "start": {
            "line": 131,
            "column": 21
          },
          "end": {
            "line": 131,
            "column": 22
          }
        },
        "loc": {
          "start": {
            "line": 131,
            "column": 33
          },
          "end": {
            "line": 147,
            "column": 5
          }
        },
        "line": 131
      },
      "8": {
        "name": "loadGenres",
        "decl": {
          "start": {
            "line": 158,
            "column": 9
          },
          "end": {
            "line": 158,
            "column": 19
          }
        },
        "loc": {
          "start": {
            "line": 158,
            "column": 22
          },
          "end": {
            "line": 185,
            "column": 1
          }
        },
        "line": 158
      },
      "9": {
        "name": "(anonymous_9)",
        "decl": {
          "start": {
            "line": 163,
            "column": 14
          },
          "end": {
            "line": 163,
            "column": 15
          }
        },
        "loc": {
          "start": {
            "line": 163,
            "column": 26
          },
          "end": {
            "line": 168,
            "column": 9
          }
        },
        "line": 163
      },
      "10": {
        "name": "(anonymous_10)",
        "decl": {
          "start": {
            "line": 169,
            "column": 14
          },
          "end": {
            "line": 169,
            "column": 15
          }
        },
        "loc": {
          "start": {
            "line": 169,
            "column": 22
          },
          "end": {
            "line": 184,
            "column": 9
          }
        },
        "line": 169
      },
      "11": {
        "name": "(anonymous_11)",
        "decl": {
          "start": {
            "line": 174,
            "column": 25
          },
          "end": {
            "line": 174,
            "column": 26
          }
        },
        "loc": {
          "start": {
            "line": 174,
            "column": 34
          },
          "end": {
            "line": 179,
            "column": 13
          }
        },
        "line": 174
      }
    },
    "branchMap": {
      "0": {
        "loc": {
          "start": {
            "line": 48,
            "column": 8
          },
          "end": {
            "line": 60,
            "column": 9
          }
        },
        "type": "if",
        "locations": [
          {
            "start": {
              "line": 48,
              "column": 8
            },
            "end": {
              "line": 60,
              "column": 9
            }
          },
          {
            "start": {},
            "end": {}
          }
        ],
        "line": 48
      },
      "1": {
        "loc": {
          "start": {
            "line": 65,
            "column": 4
          },
          "end": {
            "line": 77,
            "column": 5
          }
        },
        "type": "if",
        "locations": [
          {
            "start": {
              "line": 65,
              "column": 4
            },
            "end": {
              "line": 77,
              "column": 5
            }
          },
          {
            "start": {},
            "end": {}
          }
        ],
        "line": 65
      },
      "2": {
        "loc": {
          "start": {
            "line": 82,
            "column": 4
          },
          "end": {
            "line": 94,
            "column": 5
          }
        },
        "type": "if",
        "locations": [
          {
            "start": {
              "line": 82,
              "column": 4
            },
            "end": {
              "line": 94,
              "column": 5
            }
          },
          {
            "start": {},
            "end": {}
          }
        ],
        "line": 82
      },
      "3": {
        "loc": {
          "start": {
            "line": 97,
            "column": 4
          },
          "end": {
            "line": 99,
            "column": 5
          }
        },
        "type": "if",
        "locations": [
          {
            "start": {
              "line": 97,
              "column": 4
            },
            "end": {
              "line": 99,
              "column": 5
            }
          },
          {
            "start": {},
            "end": {}
          }
        ],
        "line": 97
      },
      "4": {
        "loc": {
          "start": {
            "line": 109,
            "column": 8
          },
          "end": {
            "line": 114,
            "column": 9
          }
        },
        "type": "if",
        "locations": [
          {
            "start": {
              "line": 109,
              "column": 8
            },
            "end": {
              "line": 114,
              "column": 9
            }
          },
          {
            "start": {},
            "end": {}
          }
        ],
        "line": 109
      },
      "5": {
        "loc": {
          "start": {
            "line": 132,
            "column": 8
          },
          "end": {
            "line": 146,
            "column": 9
          }
        },
        "type": "if",
        "locations": [
          {
            "start": {
              "line": 132,
              "column": 8
            },
            "end": {
              "line": 146,
              "column": 9
            }
          },
          {
            "start": {},
            "end": {}
          }
        ],
        "line": 132
      },
      "6": {
        "loc": {
          "start": {
            "line": 132,
            "column": 12
          },
          "end": {
            "line": 132,
            "column": 57
          }
        },
        "type": "binary-expr",
        "locations": [
          {
            "start": {
              "line": 132,
              "column": 12
            },
            "end": {
              "line": 132,
              "column": 33
            }
          },
          {
            "start": {
              "line": 132,
              "column": 37
            },
            "end": {
              "line": 132,
              "column": 57
            }
          }
        ],
        "line": 132
      },
      "7": {
        "loc": {
          "start": {
            "line": 164,
            "column": 12
          },
          "end": {
            "line": 166,
            "column": 13
          }
        },
        "type": "if",
        "locations": [
          {
            "start": {
              "line": 164,
              "column": 12
            },
            "end": {
              "line": 166,
              "column": 13
            }
          },
          {
            "start": {},
            "end": {}
          }
        ],
        "line": 164
      }
    },
    "s": {
      "0": 5,
      "1": 5,
      "2": 5,
      "3": 5,
      "4": 2,
      "5": 4,
      "6": 4,
      "7": 4,
      "8": 4,
      "9": 4,
      "10": 4,
      "11": 4,
      "12": 4,
      "13": 4,
      "14": 4,
      "15": 0,
      "16": 4,
      "17": 4,
      "18": 4,
      "19": 28,
      "20": 28,
      "21": 28,
      "22": 6,
      "23": 6,
      "24": 6,
      "25": 6,
      "26": 6,
      "27": 6,
      "28": 6,
      "29": 4,
      "30": 4,
      "31": 2,
      "32": 2,
      "33": 2,
      "34": 2,
      "35": 2,
      "36": 2,
      "37": 2,
      "38": 4,
      "39": 4,
      "40": 4,
      "41": 2,
      "42": 2,
      "43": 2,
      "44": 2,
      "45": 2,
      "46": 2,
      "47": 2,
      "48": 4,
      "49": 3,
      "50": 1,
      "51": 1,
      "52": 1,
      "53": 1,
      "54": 1,
      "55": 1,
      "56": 1,
      "57": 1,
      "58": 1,
      "59": 1,
      "60": 1,
      "61": 1,
      "62": 1,
      "63": 1,
      "64": 1,
      "65": 1,
      "66": 1,
      "67": 1,
      "68": 1,
      "69": 1,
      "70": 1,
      "71": 2,
      "72": 1,
      "73": 1,
      "74": 7,
      "75": 13,
      "76": 13,
      "77": 13,
      "78": 0,
      "79": 13,
      "80": 13,
      "81": 13,
      "82": 104,
      "83": 104,
      "84": 104,
      "85": 104,
      "86": 13,
      "87": 13,
      "88": 7
    },
    "f": {
      "0": 5,
      "1": 2,
      "2": 4,
      "3": 0,
      "4": 28,
      "5": 1,
      "6": 1,
      "7": 1,
      "8": 13,
      "9": 13,
      "10": 13,
      "11": 104
    },
    "b": {
      "0": [
        6,
        22
      ],
      "1": [
        2,
        2
      ],
      "2": [
        2,
        2
      ],
      "3": [
        3,
        1
      ],
      "4": [
        1,
        0
      ],
      "5": [
        1,
        0
      ],
      "6": [
        1,
        1
      ],
      "7": [
        0,
        13
      ]
    },
    "_coverageSchema": "1a1c01bbd47fc00a2c39e90264f33305004495a9",
    "hash": "50ae370f2b28e926e4db514556640c0399ff78f9"
  }
}