{"total": {"lines":{"total":320,"covered":126,"skipped":0,"pct":39.37},"statements":{"total":324,"covered":129,"skipped":0,"pct":39.81},"functions":{"total":55,"covered":18,"skipped":0,"pct":32.72},"branches":{"total":82,"covered":20,"skipped":0,"pct":24.39},"branchesTrue":{"total":0,"covered":0,"skipped":0,"pct":"Unknown"}}
,"C:\\Users\\siahq_8ml8ib6\\OneDrive\\TP Year 2 Sem 2\\DevOps\\DevOps-G2-HuiQi\\public\\js\\script_HuiQi.js": {"lines":{"total":88,"covered":86,"skipped":0,"pct":97.72},"functions":{"total":12,"covered":11,"skipped":0,"pct":91.66},"statements":{"total":89,"covered":87,"skipped":0,"pct":97.75},"branches":{"total":16,"covered":13,"skipped":0,"pct":81.25}}
,"C:\\Users\\siahq_8ml8ib6\\OneDrive\\TP Year 2 Sem 2\\DevOps\\DevOps-G2-HuiQi\\public\\js\\script_Kai.js": {"lines":{"total":56,"covered":28,"skipped":0,"pct":50},"functions":{"total":7,"covered":5,"skipped":0,"pct":71.42},"statements":{"total":57,"covered":29,"skipped":0,"pct":50.87},"branches":{"total":12,"covered":4,"skipped":0,"pct":33.33}}
,"C:\\Users\\siahq_8ml8ib6\\OneDrive\\TP Year 2 Sem 2\\DevOps\\DevOps-G2-HuiQi\\public\\js\\script_Neston.js": {"lines":{"total":43,"covered":0,"skipped":0,"pct":0},"functions":{"total":17,"covered":0,"skipped":0,"pct":0},"statements":{"total":44,"covered":0,"skipped":0,"pct":0},"branches":{"total":8,"covered":0,"skipped":0,"pct":0}}
,"C:\\Users\\siahq_8ml8ib6\\OneDrive\\TP Year 2 Sem 2\\DevOps\\DevOps-G2-HuiQi\\public\\js\\script_jasper.js": {"lines":{"total":133,"covered":12,"skipped":0,"pct":9.02},"functions":{"total":19,"covered":2,"skipped":0,"pct":10.52},"statements":{"total":134,"covered":13,"skipped":0,"pct":9.7},"branches":{"total":46,"covered":3,"skipped":0,"pct":6.52}}
}
