TN:
SF:public\js\script_HuiQi.js
FN:2,showAddMovieForm
FN:16,hideAddMovieForm
FN:21,addMovie
FN:35,(anonymous_3)
FN:44,(anonymous_4)
FN:107,(anonymous_5)
FN:124,viewMovies_HuiQi
FN:131,(anonymous_7)
FN:158,loadGenres
FN:163,(anonymous_9)
FN:169,(anonymous_10)
FN:174,(anonymous_11)
FNF:12
FNH:11
FNDA:5,showAddMovieForm
FNDA:2,hideAddMovieForm
FNDA:4,addMovie
FNDA:0,(anonymous_3)
FNDA:28,(anonymous_4)
FNDA:1,(anonymous_5)
FNDA:1,viewMovies_HuiQi
FNDA:1,(anonymous_7)
FNDA:13,loadGenres
FNDA:13,(anonymous_9)
FNDA:13,(anonymous_10)
FNDA:104,(anonymous_11)
DA:4,5
DA:5,5
DA:8,5
DA:11,5
DA:17,2
DA:22,4
DA:25,4
DA:26,4
DA:27,4
DA:28,4
DA:29,4
DA:30,4
DA:31,4
DA:34,4
DA:35,4
DA:36,0
DA:40,4
DA:41,4
DA:44,4
DA:45,28
DA:46,28
DA:48,28
DA:49,6
DA:52,6
DA:53,6
DA:54,6
DA:55,6
DA:56,6
DA:59,6
DA:64,4
DA:65,4
DA:66,2
DA:69,2
DA:70,2
DA:71,2
DA:72,2
DA:73,2
DA:76,2
DA:80,4
DA:81,4
DA:82,4
DA:83,2
DA:86,2
DA:87,2
DA:88,2
DA:89,2
DA:90,2
DA:93,2
DA:97,4
DA:98,3
DA:102,1
DA:103,1
DA:104,1
DA:107,1
DA:108,1
DA:109,1
DA:110,1
DA:111,1
DA:112,1
DA:113,1
DA:118,1
DA:125,1
DA:126,1
DA:127,1
DA:128,1
DA:131,1
DA:132,1
DA:133,1
DA:134,1
DA:137,1
DA:138,2
DA:145,1
DA:150,1
DA:155,7
DA:159,13
DA:162,13
DA:164,13
DA:165,0
DA:167,13
DA:171,13
DA:174,13
DA:175,104
DA:176,104
DA:177,104
DA:178,104
DA:182,13
DA:183,13
DA:190,7
LF:88
LH:86
BRDA:48,0,0,6
BRDA:48,0,1,22
BRDA:65,1,0,2
BRDA:65,1,1,2
BRDA:82,2,0,2
BRDA:82,2,1,2
BRDA:97,3,0,3
BRDA:97,3,1,1
BRDA:109,4,0,1
BRDA:109,4,1,0
BRDA:132,5,0,1
BRDA:132,5,1,0
BRDA:132,6,0,1
BRDA:132,6,1,1
BRDA:164,7,0,0
BRDA:164,7,1,13
BRF:16
BRH:13
end_of_record
TN:
SF:public\js\script_Kai.js
FN:1,viewMoviesKai
FN:7,(anonymous_1)
FN:33,loadGenresKai
FN:45,(anonymous_3)
FN:60,loadMoviesByGenre
FN:87,(anonymous_5)
FN:109,(anonymous_6)
FNF:7
FNH:5
FNDA:7,viewMoviesKai
FNDA:7,(anonymous_1)
FNDA:7,loadGenresKai
FNDA:56,(anonymous_3)
FNDA:0,loadMoviesByGenre
FNDA:0,(anonymous_5)
FNDA:7,(anonymous_6)
DA:2,7
DA:3,7
DA:4,7
DA:5,7
DA:7,7
DA:8,7
DA:9,7
DA:10,7
DA:12,7
DA:13,251
DA:19,7
DA:21,0
DA:22,0
DA:26,7
DA:29,7
DA:34,7
DA:35,7
DA:37,7
DA:38,7
DA:39,7
DA:40,0
DA:42,7
DA:43,7
DA:45,7
DA:46,56
DA:47,56
DA:48,56
DA:49,56
DA:52,0
DA:53,0
DA:54,0
DA:61,0
DA:63,0
DA:64,0
DA:65,0
DA:68,0
DA:69,0
DA:70,0
DA:71,0
DA:74,0
DA:76,0
DA:77,0
DA:79,0
DA:80,0
DA:81,0
DA:83,0
DA:87,0
DA:88,0
DA:89,0
DA:91,0
DA:96,0
DA:99,0
DA:100,0
DA:109,7
DA:110,7
DA:111,7
LF:56
LH:28
BRDA:8,0,0,7
BRDA:8,0,1,0
BRDA:8,1,0,7
BRDA:8,1,1,7
BRDA:39,2,0,0
BRDA:39,2,1,7
BRDA:64,3,0,0
BRDA:64,3,1,0
BRDA:70,4,0,0
BRDA:70,4,1,0
BRDA:79,5,0,0
BRDA:79,5,1,0
BRF:12
BRH:4
end_of_record
TN:
SF:public\js\script_Neston.js
FN:2,showAddGenreForm
FN:8,closeModal
FN:13,loadGenres_neston
FN:15,(anonymous_3)
FN:16,(anonymous_4)
FN:20,(anonymous_5)
FN:30,(anonymous_6)
FN:37,(anonymous_7)
FN:41,confirmDeleteGenre
FN:48,deleteGenre
FN:50,(anonymous_10)
FN:51,(anonymous_11)
FN:60,(anonymous_12)
FN:65,addGenre
FN:78,(anonymous_14)
FN:79,(anonymous_15)
FN:88,(anonymous_16)
FNF:17
FNH:0
FNDA:0,showAddGenreForm
FNDA:0,closeModal
FNDA:0,loadGenres_neston
FNDA:0,(anonymous_3)
FNDA:0,(anonymous_4)
FNDA:0,(anonymous_5)
FNDA:0,(anonymous_6)
FNDA:0,(anonymous_7)
FNDA:0,confirmDeleteGenre
FNDA:0,deleteGenre
FNDA:0,(anonymous_10)
FNDA:0,(anonymous_11)
FNDA:0,(anonymous_12)
FNDA:0,addGenre
FNDA:0,(anonymous_14)
FNDA:0,(anonymous_15)
FNDA:0,(anonymous_16)
DA:3,0
DA:4,0
DA:9,0
DA:14,0
DA:15,0
DA:17,0
DA:18,0
DA:20,0
DA:21,0
DA:22,0
DA:24,0
DA:25,0
DA:27,0
DA:28,0
DA:29,0
DA:30,0
DA:32,0
DA:33,0
DA:34,0
DA:37,0
DA:42,0
DA:43,0
DA:49,0
DA:50,0
DA:52,0
DA:53,0
DA:54,0
DA:55,0
DA:57,0
DA:60,0
DA:66,0
DA:67,0
DA:68,0
DA:69,0
DA:73,0
DA:78,0
DA:80,0
DA:81,0
DA:82,0
DA:83,0
DA:85,0
DA:89,0
DA:90,0
LF:43
LH:0
BRDA:42,0,0,0
BRDA:42,0,1,0
BRDA:52,1,0,0
BRDA:52,1,1,0
BRDA:67,2,0,0
BRDA:67,2,1,0
BRDA:80,3,0,0
BRDA:80,3,1,0
BRF:8
BRH:0
end_of_record
TN:
SF:public\js\script_jasper.js
FN:2,viewMovies
FN:7,(anonymous_1)
FN:33,loadMovieForUpdate
FN:38,(anonymous_3)
FN:50,(anonymous_4)
FN:65,updateMovie
FN:81,(anonymous_6)
FN:95,loadMovieDetails
FN:107,(anonymous_8)
FN:127,deleteMovie
FN:139,(anonymous_10)
FN:153,confirmDelete
FN:160,validateForm
FN:174,(anonymous_13)
FN:207,loadGenres
FN:208,(anonymous_15)
FN:213,(anonymous_16)
FN:219,(anonymous_17)
FN:239,(anonymous_18)
FNF:19
FNH:2
FNDA:8,viewMovies
FNDA:8,(anonymous_1)
FNDA:0,loadMovieForUpdate
FNDA:0,(anonymous_3)
FNDA:0,(anonymous_4)
FNDA:0,updateMovie
FNDA:0,(anonymous_6)
FNDA:0,loadMovieDetails
FNDA:0,(anonymous_8)
FNDA:0,deleteMovie
FNDA:0,(anonymous_10)
FNDA:0,confirmDelete
FNDA:0,validateForm
FNDA:0,(anonymous_13)
FNDA:0,loadGenres
FNDA:0,(anonymous_15)
FNDA:0,(anonymous_16)
FNDA:0,(anonymous_17)
FNDA:0,(anonymous_18)
DA:3,8
DA:4,8
DA:5,8
DA:7,8
DA:8,8
DA:9,8
DA:10,8
DA:12,8
DA:13,287
DA:21,8
DA:23,0
DA:24,0
DA:25,0
DA:29,8
DA:34,0
DA:35,0
DA:36,0
DA:38,0
DA:39,0
DA:40,0
DA:41,0
DA:42,0
DA:43,0
DA:44,0
DA:45,0
DA:46,0
DA:47,0
DA:48,0
DA:50,0
DA:51,0
DA:55,0
DA:56,0
DA:57,0
DA:61,0
DA:66,0
DA:67,0
DA:77,0
DA:78,0
DA:79,0
DA:81,0
DA:82,0
DA:83,0
DA:84,0
DA:86,0
DA:87,0
DA:91,0
DA:96,0
DA:98,0
DA:99,0
DA:100,0
DA:103,0
DA:104,0
DA:105,0
DA:107,0
DA:108,0
DA:109,0
DA:110,0
DA:111,0
DA:112,0
DA:113,0
DA:114,0
DA:115,0
DA:116,0
DA:118,0
DA:119,0
DA:123,0
DA:128,0
DA:130,0
DA:131,0
DA:132,0
DA:135,0
DA:136,0
DA:137,0
DA:139,0
DA:140,0
DA:141,0
DA:142,0
DA:144,0
DA:145,0
DA:149,0
DA:154,0
DA:155,0
DA:161,0
DA:162,0
DA:164,0
DA:174,0
DA:175,0
DA:176,0
DA:177,0
DA:178,0
DA:179,0
DA:181,0
DA:186,0
DA:187,0
DA:188,0
DA:189,0
DA:191,0
DA:192,0
DA:193,0
DA:194,0
DA:195,0
DA:196,0
DA:198,0
DA:201,0
DA:202,0
DA:208,0
DA:209,0
DA:210,0
DA:211,0
DA:213,0
DA:214,0
DA:215,0
DA:216,0
DA:217,0
DA:219,0
DA:220,0
DA:221,0
DA:222,0
DA:223,0
DA:226,0
DA:228,0
DA:229,0
DA:233,0
DA:239,7
DA:240,0
DA:241,0
DA:242,0
DA:243,0
DA:245,0
DA:246,0
DA:248,0
DA:249,0
DA:251,0
LF:133
LH:12
BRDA:8,0,0,8
BRDA:8,0,1,0
BRDA:8,1,0,8
BRDA:8,1,1,8
BRDA:39,2,0,0
BRDA:39,2,1,0
BRDA:39,3,0,0
BRDA:39,3,1,0
BRDA:82,4,0,0
BRDA:82,4,1,0
BRDA:82,5,0,0
BRDA:82,5,1,0
BRDA:98,6,0,0
BRDA:98,6,1,0
BRDA:108,7,0,0
BRDA:108,7,1,0
BRDA:108,8,0,0
BRDA:108,8,1,0
BRDA:130,9,0,0
BRDA:130,9,1,0
BRDA:140,10,0,0
BRDA:140,10,1,0
BRDA:140,11,0,0
BRDA:140,11,1,0
BRDA:154,12,0,0
BRDA:154,12,1,0
BRDA:177,13,0,0
BRDA:177,13,1,0
BRDA:191,14,0,0
BRDA:191,14,1,0
BRDA:194,15,0,0
BRDA:194,15,1,0
BRDA:194,16,0,0
BRDA:194,16,1,0
BRDA:201,17,0,0
BRDA:201,17,1,0
BRDA:214,18,0,0
BRDA:214,18,1,0
BRDA:214,19,0,0
BRDA:214,19,1,0
BRDA:240,20,0,0
BRDA:240,20,1,0
BRDA:242,21,0,0
BRDA:242,21,1,0
BRDA:248,22,0,0
BRDA:248,22,1,0
BRF:46
BRH:3
end_of_record
